2020-11-19T15:57:52.730+0100	ERROR	Rules: getJsonContent file open err	{"progname": "Contrast Service", "filePath": "/xxe/keywords.json", "error": "file does not exist"}
2020-11-19T15:57:52.731+0100	ERROR	Rules: getJsonContent file open err	{"progname": "Contrast Service", "filePath": "/xxe/patterns.json", "error": "file does not exist"}
2020-11-19T15:57:52.731+0100	ERROR	Error when creating rule for	{"progname": "Contrast Service", "ruleID": "xxe", "err": "no such rule type: xxe"}
2020-11-19T15:57:52.738+0100	ERROR	Rules: getJsonContent file open err	{"progname": "Contrast Service", "filePath": "/method-tampering/keywords.json", "error": "file does not exist"}
2020-11-19T15:57:52.739+0100	ERROR	Rules: getJsonContent file open err	{"progname": "Contrast Service", "filePath": "/method-tampering/patterns.json", "error": "file does not exist"}
2020-11-19T15:57:52.743+0100	ERROR	Rules: getJsonContent file open err	{"progname": "Contrast Service", "filePath": "/cmd-injection-command-backdoors/keywords.json", "error": "file does not exist"}
2020-11-19T15:57:52.744+0100	ERROR	Rules: getJsonContent file open err	{"progname": "Contrast Service", "filePath": "/cmd-injection-command-backdoors/patterns.json", "error": "file does not exist"}
2020-11-19T15:57:52.744+0100	ERROR	Error when creating rule for	{"progname": "Contrast Service", "ruleID": "cmd-injection-command-backdoors", "err": "no such rule type: cmd-injection-command-backdoors"}
2020-11-19T15:57:52.745+0100	ERROR	Rules: getJsonContent file open err	{"progname": "Contrast Service", "filePath": "/cmd-injection-semantic-chained-commands/keywords.json", "error": "file does not exist"}
2020-11-19T15:57:52.745+0100	ERROR	Rules: getJsonContent file open err	{"progname": "Contrast Service", "filePath": "/cmd-injection-semantic-chained-commands/patterns.json", "error": "file does not exist"}
2020-11-19T15:57:52.745+0100	ERROR	Error when creating rule for	{"progname": "Contrast Service", "ruleID": "cmd-injection-semantic-chained-commands", "err": "no such rule type: cmd-injection-semantic-chained-commands"}
2020-11-19T15:57:52.746+0100	ERROR	Rules: getJsonContent file open err	{"progname": "Contrast Service", "filePath": "/cmd-injection-semantic-dangerous-paths/keywords.json", "error": "file does not exist"}
2020-11-19T15:57:52.746+0100	ERROR	Rules: getJsonContent file open err	{"progname": "Contrast Service", "filePath": "/cmd-injection-semantic-dangerous-paths/patterns.json", "error": "file does not exist"}
2020-11-19T15:57:52.746+0100	ERROR	Error when creating rule for	{"progname": "Contrast Service", "ruleID": "cmd-injection-semantic-dangerous-paths", "err": "no such rule type: cmd-injection-semantic-dangerous-paths"}
2020-11-19T15:59:22.937+0100	ERROR	TsClient: failure response code	{"progname": "Contrast Service", "code": 404, "endpoint": "/agents/v1.0/applications/Q09PS0lFLUxBUFRPUA/QzpcVXNlcnNcbWFydGlcUHJvamVjdHNcbm9kZWpzLWNvbW1hbmRpbmplY3Rpb24/bm9kZS5qcyB2MTIuMTMuMA/Tm9kZQ/bm9kZWpzLXNlY3VyaXR5LW11c3Qta25vdw/QzpcVXNlcnNcbWFydGlcUHJvamVjdHNcbm9kZWpzLWNvbW1hbmRpbmplY3Rpb25ccGFja2FnZS5qc29u/heartbeat"}
2020-11-19T15:59:22.938+0100	ERROR	TsClient: failure response code	{"progname": "Contrast Service", "code": 410, "endpoint": "/api/ng/activity/application"}
2020-11-19T15:59:52.943+0100	ERROR	TsClient: failure response code	{"progname": "Contrast Service", "code": 410, "endpoint": "/api/ng/update/application"}
2020-11-19T15:59:52.951+0100	ERROR	TsClient: failure response code	{"progname": "Contrast Service", "code": 404, "endpoint": "/agents/v1.0/applications/Q09PS0lFLUxBUFRPUA/QzpcVXNlcnNcbWFydGlcUHJvamVjdHNcbm9kZWpzLWNvbW1hbmRpbmplY3Rpb24/bm9kZS5qcyB2MTIuMTMuMA/Tm9kZQ/bm9kZWpzLXNlY3VyaXR5LW11c3Qta25vdw/QzpcVXNlcnNcbWFydGlcUHJvamVjdHNcbm9kZWpzLWNvbW1hbmRpbmplY3Rpb25ccGFja2FnZS5qc29u/heartbeat"}
2020-11-19T15:59:53.123+0100	ERROR	TsClient: failure response code	{"progname": "Contrast Service", "code": 410, "endpoint": "/api/ng/activity/application"}
2020-11-19T15:59:53.129+0100	ERROR	TsClient: failure response code	{"progname": "Contrast Service", "code": 404, "endpoint": "/agents/v1.0/applications/Q09PS0lFLUxBUFRPUA/QzpcVXNlcnNcbWFydGlcUHJvamVjdHNcbm9kZWpzLWNvbW1hbmRpbmplY3Rpb24/bm9kZS5qcyB2MTIuMTMuMA/Tm9kZQ/bm9kZWpzLXNlY3VyaXR5LW11c3Qta25vdw/QzpcVXNlcnNcbWFydGlcUHJvamVjdHNcbm9kZWpzLWNvbW1hbmRpbmplY3Rpb25ccGFja2FnZS5qc29u/inventory"}
2020-11-19T16:00:22.946+0100	ERROR	TsClient: failure response code	{"progname": "Contrast Service", "code": 410, "endpoint": "/api/ng/activity/application"}
2020-11-19T16:00:22.946+0100	ERROR	TsClient: failure response code	{"progname": "Contrast Service", "code": 404, "endpoint": "/agents/v1.0/applications/Q09PS0lFLUxBUFRPUA/QzpcVXNlcnNcbWFydGlcUHJvamVjdHNcbm9kZWpzLWNvbW1hbmRpbmplY3Rpb24/bm9kZS5qcyB2MTIuMTMuMA/Tm9kZQ/bm9kZWpzLXNlY3VyaXR5LW11c3Qta25vdw/QzpcVXNlcnNcbWFydGlcUHJvamVjdHNcbm9kZWpzLWNvbW1hbmRpbmplY3Rpb25ccGFja2FnZS5qc29u/heartbeat"}
2020-11-19T16:01:38.298+0100	ERROR	Rules: getJsonContent file open err	{"progname": "Contrast Service", "filePath": "/xxe/keywords.json", "error": "file does not exist"}
2020-11-19T16:01:38.299+0100	ERROR	Rules: getJsonContent file open err	{"progname": "Contrast Service", "filePath": "/xxe/patterns.json", "error": "file does not exist"}
2020-11-19T16:01:38.299+0100	ERROR	Error when creating rule for	{"progname": "Contrast Service", "ruleID": "xxe", "err": "no such rule type: xxe"}
2020-11-19T16:01:38.309+0100	ERROR	Rules: getJsonContent file open err	{"progname": "Contrast Service", "filePath": "/method-tampering/keywords.json", "error": "file does not exist"}
2020-11-19T16:01:38.309+0100	ERROR	Rules: getJsonContent file open err	{"progname": "Contrast Service", "filePath": "/method-tampering/patterns.json", "error": "file does not exist"}
2020-11-19T16:01:38.311+0100	ERROR	Rules: getJsonContent file open err	{"progname": "Contrast Service", "filePath": "/cmd-injection-command-backdoors/keywords.json", "error": "file does not exist"}
2020-11-19T16:01:38.312+0100	ERROR	Rules: getJsonContent file open err	{"progname": "Contrast Service", "filePath": "/cmd-injection-command-backdoors/patterns.json", "error": "file does not exist"}
2020-11-19T16:01:38.312+0100	ERROR	Error when creating rule for	{"progname": "Contrast Service", "ruleID": "cmd-injection-command-backdoors", "err": "no such rule type: cmd-injection-command-backdoors"}
2020-11-19T16:01:38.312+0100	ERROR	Rules: getJsonContent file open err	{"progname": "Contrast Service", "filePath": "/cmd-injection-semantic-chained-commands/keywords.json", "error": "file does not exist"}
2020-11-19T16:01:38.313+0100	ERROR	Rules: getJsonContent file open err	{"progname": "Contrast Service", "filePath": "/cmd-injection-semantic-chained-commands/patterns.json", "error": "file does not exist"}
2020-11-19T16:01:38.313+0100	ERROR	Error when creating rule for	{"progname": "Contrast Service", "ruleID": "cmd-injection-semantic-chained-commands", "err": "no such rule type: cmd-injection-semantic-chained-commands"}
2020-11-19T16:01:38.313+0100	ERROR	Rules: getJsonContent file open err	{"progname": "Contrast Service", "filePath": "/cmd-injection-semantic-dangerous-paths/keywords.json", "error": "file does not exist"}
2020-11-19T16:01:38.314+0100	ERROR	Rules: getJsonContent file open err	{"progname": "Contrast Service", "filePath": "/cmd-injection-semantic-dangerous-paths/patterns.json", "error": "file does not exist"}
2020-11-19T16:01:38.314+0100	ERROR	Error when creating rule for	{"progname": "Contrast Service", "ruleID": "cmd-injection-semantic-dangerous-paths", "err": "no such rule type: cmd-injection-semantic-dangerous-paths"}
2020-11-19T16:10:25.347+0100	ERROR	Rules: getJsonContent file open err	{"progname": "Contrast Service", "filePath": "/xxe/keywords.json", "error": "file does not exist"}
2020-11-19T16:10:25.348+0100	ERROR	Rules: getJsonContent file open err	{"progname": "Contrast Service", "filePath": "/xxe/patterns.json", "error": "file does not exist"}
2020-11-19T16:10:25.348+0100	ERROR	Error when creating rule for	{"progname": "Contrast Service", "ruleID": "xxe", "err": "no such rule type: xxe"}
2020-11-19T16:10:25.355+0100	ERROR	Rules: getJsonContent file open err	{"progname": "Contrast Service", "filePath": "/method-tampering/keywords.json", "error": "file does not exist"}
2020-11-19T16:10:25.356+0100	ERROR	Rules: getJsonContent file open err	{"progname": "Contrast Service", "filePath": "/method-tampering/patterns.json", "error": "file does not exist"}
2020-11-19T16:10:25.359+0100	ERROR	Rules: getJsonContent file open err	{"progname": "Contrast Service", "filePath": "/cmd-injection-command-backdoors/keywords.json", "error": "file does not exist"}
2020-11-19T16:10:25.360+0100	ERROR	Rules: getJsonContent file open err	{"progname": "Contrast Service", "filePath": "/cmd-injection-command-backdoors/patterns.json", "error": "file does not exist"}
2020-11-19T16:10:25.360+0100	ERROR	Error when creating rule for	{"progname": "Contrast Service", "ruleID": "cmd-injection-command-backdoors", "err": "no such rule type: cmd-injection-command-backdoors"}
2020-11-19T16:10:25.361+0100	ERROR	Rules: getJsonContent file open err	{"progname": "Contrast Service", "filePath": "/cmd-injection-semantic-chained-commands/keywords.json", "error": "file does not exist"}
2020-11-19T16:10:25.363+0100	ERROR	Rules: getJsonContent file open err	{"progname": "Contrast Service", "filePath": "/cmd-injection-semantic-chained-commands/patterns.json", "error": "file does not exist"}
2020-11-19T16:10:25.363+0100	ERROR	Error when creating rule for	{"progname": "Contrast Service", "ruleID": "cmd-injection-semantic-chained-commands", "err": "no such rule type: cmd-injection-semantic-chained-commands"}
2020-11-19T16:10:25.363+0100	ERROR	Rules: getJsonContent file open err	{"progname": "Contrast Service", "filePath": "/cmd-injection-semantic-dangerous-paths/keywords.json", "error": "file does not exist"}
2020-11-19T16:10:25.364+0100	ERROR	Rules: getJsonContent file open err	{"progname": "Contrast Service", "filePath": "/cmd-injection-semantic-dangerous-paths/patterns.json", "error": "file does not exist"}
2020-11-19T16:10:25.364+0100	ERROR	Error when creating rule for	{"progname": "Contrast Service", "ruleID": "cmd-injection-semantic-dangerous-paths", "err": "no such rule type: cmd-injection-semantic-dangerous-paths"}
2020-11-19T16:27:30.470+0100	ERROR	Rules: getJsonContent file open err	{"progname": "Contrast Service", "filePath": "/xxe/keywords.json", "error": "file does not exist"}
2020-11-19T16:27:30.471+0100	ERROR	Rules: getJsonContent file open err	{"progname": "Contrast Service", "filePath": "/xxe/patterns.json", "error": "file does not exist"}
2020-11-19T16:27:30.471+0100	ERROR	Error when creating rule for	{"progname": "Contrast Service", "ruleID": "xxe", "err": "no such rule type: xxe"}
2020-11-19T16:27:30.480+0100	ERROR	Rules: getJsonContent file open err	{"progname": "Contrast Service", "filePath": "/method-tampering/keywords.json", "error": "file does not exist"}
2020-11-19T16:27:30.481+0100	ERROR	Rules: getJsonContent file open err	{"progname": "Contrast Service", "filePath": "/method-tampering/patterns.json", "error": "file does not exist"}
2020-11-19T16:27:30.483+0100	ERROR	Rules: getJsonContent file open err	{"progname": "Contrast Service", "filePath": "/cmd-injection-command-backdoors/keywords.json", "error": "file does not exist"}
2020-11-19T16:27:30.484+0100	ERROR	Rules: getJsonContent file open err	{"progname": "Contrast Service", "filePath": "/cmd-injection-command-backdoors/patterns.json", "error": "file does not exist"}
2020-11-19T16:27:30.484+0100	ERROR	Error when creating rule for	{"progname": "Contrast Service", "ruleID": "cmd-injection-command-backdoors", "err": "no such rule type: cmd-injection-command-backdoors"}
2020-11-19T16:27:30.485+0100	ERROR	Rules: getJsonContent file open err	{"progname": "Contrast Service", "filePath": "/cmd-injection-semantic-chained-commands/keywords.json", "error": "file does not exist"}
2020-11-19T16:27:30.485+0100	ERROR	Rules: getJsonContent file open err	{"progname": "Contrast Service", "filePath": "/cmd-injection-semantic-chained-commands/patterns.json", "error": "file does not exist"}
2020-11-19T16:27:30.485+0100	ERROR	Error when creating rule for	{"progname": "Contrast Service", "ruleID": "cmd-injection-semantic-chained-commands", "err": "no such rule type: cmd-injection-semantic-chained-commands"}
2020-11-19T16:27:30.486+0100	ERROR	Rules: getJsonContent file open err	{"progname": "Contrast Service", "filePath": "/cmd-injection-semantic-dangerous-paths/keywords.json", "error": "file does not exist"}
2020-11-19T16:27:30.486+0100	ERROR	Rules: getJsonContent file open err	{"progname": "Contrast Service", "filePath": "/cmd-injection-semantic-dangerous-paths/patterns.json", "error": "file does not exist"}
2020-11-19T16:27:30.486+0100	ERROR	Error when creating rule for	{"progname": "Contrast Service", "ruleID": "cmd-injection-semantic-dangerous-paths", "err": "no such rule type: cmd-injection-semantic-dangerous-paths"}
2020-11-19T16:42:27.584+0100	ERROR	Rules: getJsonContent file open err	{"progname": "Contrast Service", "filePath": "/xxe/keywords.json", "error": "file does not exist"}
2020-11-19T16:42:27.585+0100	ERROR	Rules: getJsonContent file open err	{"progname": "Contrast Service", "filePath": "/xxe/patterns.json", "error": "file does not exist"}
2020-11-19T16:42:27.585+0100	ERROR	Error when creating rule for	{"progname": "Contrast Service", "ruleID": "xxe", "err": "no such rule type: xxe"}
2020-11-19T16:42:27.594+0100	ERROR	Rules: getJsonContent file open err	{"progname": "Contrast Service", "filePath": "/method-tampering/keywords.json", "error": "file does not exist"}
2020-11-19T16:42:27.596+0100	ERROR	Rules: getJsonContent file open err	{"progname": "Contrast Service", "filePath": "/method-tampering/patterns.json", "error": "file does not exist"}
2020-11-19T16:42:27.599+0100	ERROR	Rules: getJsonContent file open err	{"progname": "Contrast Service", "filePath": "/cmd-injection-command-backdoors/keywords.json", "error": "file does not exist"}
2020-11-19T16:42:27.600+0100	ERROR	Rules: getJsonContent file open err	{"progname": "Contrast Service", "filePath": "/cmd-injection-command-backdoors/patterns.json", "error": "file does not exist"}
2020-11-19T16:42:27.600+0100	ERROR	Error when creating rule for	{"progname": "Contrast Service", "ruleID": "cmd-injection-command-backdoors", "err": "no such rule type: cmd-injection-command-backdoors"}
2020-11-19T16:42:27.601+0100	ERROR	Rules: getJsonContent file open err	{"progname": "Contrast Service", "filePath": "/cmd-injection-semantic-chained-commands/keywords.json", "error": "file does not exist"}
2020-11-19T16:42:27.601+0100	ERROR	Rules: getJsonContent file open err	{"progname": "Contrast Service", "filePath": "/cmd-injection-semantic-chained-commands/patterns.json", "error": "file does not exist"}
2020-11-19T16:42:27.601+0100	ERROR	Error when creating rule for	{"progname": "Contrast Service", "ruleID": "cmd-injection-semantic-chained-commands", "err": "no such rule type: cmd-injection-semantic-chained-commands"}
2020-11-19T16:42:27.602+0100	ERROR	Rules: getJsonContent file open err	{"progname": "Contrast Service", "filePath": "/cmd-injection-semantic-dangerous-paths/keywords.json", "error": "file does not exist"}
2020-11-19T16:42:27.603+0100	ERROR	Rules: getJsonContent file open err	{"progname": "Contrast Service", "filePath": "/cmd-injection-semantic-dangerous-paths/patterns.json", "error": "file does not exist"}
2020-11-19T16:42:27.603+0100	ERROR	Error when creating rule for	{"progname": "Contrast Service", "ruleID": "cmd-injection-semantic-dangerous-paths", "err": "no such rule type: cmd-injection-semantic-dangerous-paths"}
2020-11-19T16:46:41.955+0100	ERROR	Rules: getJsonContent file open err	{"progname": "Contrast Service", "filePath": "/xxe/keywords.json", "error": "file does not exist"}
2020-11-19T16:46:41.956+0100	ERROR	Rules: getJsonContent file open err	{"progname": "Contrast Service", "filePath": "/xxe/patterns.json", "error": "file does not exist"}
2020-11-19T16:46:41.956+0100	ERROR	Error when creating rule for	{"progname": "Contrast Service", "ruleID": "xxe", "err": "no such rule type: xxe"}
2020-11-19T16:46:41.964+0100	ERROR	Rules: getJsonContent file open err	{"progname": "Contrast Service", "filePath": "/method-tampering/keywords.json", "error": "file does not exist"}
2020-11-19T16:46:41.965+0100	ERROR	Rules: getJsonContent file open err	{"progname": "Contrast Service", "filePath": "/method-tampering/patterns.json", "error": "file does not exist"}
2020-11-19T16:46:41.969+0100	ERROR	Rules: getJsonContent file open err	{"progname": "Contrast Service", "filePath": "/cmd-injection-command-backdoors/keywords.json", "error": "file does not exist"}
2020-11-19T16:46:41.969+0100	ERROR	Rules: getJsonContent file open err	{"progname": "Contrast Service", "filePath": "/cmd-injection-command-backdoors/patterns.json", "error": "file does not exist"}
2020-11-19T16:46:41.969+0100	ERROR	Error when creating rule for	{"progname": "Contrast Service", "ruleID": "cmd-injection-command-backdoors", "err": "no such rule type: cmd-injection-command-backdoors"}
2020-11-19T16:46:41.970+0100	ERROR	Rules: getJsonContent file open err	{"progname": "Contrast Service", "filePath": "/cmd-injection-semantic-chained-commands/keywords.json", "error": "file does not exist"}
2020-11-19T16:46:41.970+0100	ERROR	Rules: getJsonContent file open err	{"progname": "Contrast Service", "filePath": "/cmd-injection-semantic-chained-commands/patterns.json", "error": "file does not exist"}
2020-11-19T16:46:41.970+0100	ERROR	Error when creating rule for	{"progname": "Contrast Service", "ruleID": "cmd-injection-semantic-chained-commands", "err": "no such rule type: cmd-injection-semantic-chained-commands"}
2020-11-19T16:46:41.971+0100	ERROR	Rules: getJsonContent file open err	{"progname": "Contrast Service", "filePath": "/cmd-injection-semantic-dangerous-paths/keywords.json", "error": "file does not exist"}
2020-11-19T16:46:41.972+0100	ERROR	Rules: getJsonContent file open err	{"progname": "Contrast Service", "filePath": "/cmd-injection-semantic-dangerous-paths/patterns.json", "error": "file does not exist"}
2020-11-19T16:46:41.972+0100	ERROR	Error when creating rule for	{"progname": "Contrast Service", "ruleID": "cmd-injection-semantic-dangerous-paths", "err": "no such rule type: cmd-injection-semantic-dangerous-paths"}
2020-11-19T16:48:33.639+0100	ERROR	Rules: getJsonContent file open err	{"progname": "Contrast Service", "filePath": "/xxe/keywords.json", "error": "file does not exist"}
2020-11-19T16:48:33.640+0100	ERROR	Rules: getJsonContent file open err	{"progname": "Contrast Service", "filePath": "/xxe/patterns.json", "error": "file does not exist"}
2020-11-19T16:48:33.640+0100	ERROR	Error when creating rule for	{"progname": "Contrast Service", "ruleID": "xxe", "err": "no such rule type: xxe"}
2020-11-19T16:48:33.649+0100	ERROR	Rules: getJsonContent file open err	{"progname": "Contrast Service", "filePath": "/method-tampering/keywords.json", "error": "file does not exist"}
2020-11-19T16:48:33.650+0100	ERROR	Rules: getJsonContent file open err	{"progname": "Contrast Service", "filePath": "/method-tampering/patterns.json", "error": "file does not exist"}
2020-11-19T16:48:33.652+0100	ERROR	Rules: getJsonContent file open err	{"progname": "Contrast Service", "filePath": "/cmd-injection-command-backdoors/keywords.json", "error": "file does not exist"}
2020-11-19T16:48:33.653+0100	ERROR	Rules: getJsonContent file open err	{"progname": "Contrast Service", "filePath": "/cmd-injection-command-backdoors/patterns.json", "error": "file does not exist"}
2020-11-19T16:48:33.653+0100	ERROR	Error when creating rule for	{"progname": "Contrast Service", "ruleID": "cmd-injection-command-backdoors", "err": "no such rule type: cmd-injection-command-backdoors"}
2020-11-19T16:48:33.654+0100	ERROR	Rules: getJsonContent file open err	{"progname": "Contrast Service", "filePath": "/cmd-injection-semantic-chained-commands/keywords.json", "error": "file does not exist"}
2020-11-19T16:48:33.654+0100	ERROR	Rules: getJsonContent file open err	{"progname": "Contrast Service", "filePath": "/cmd-injection-semantic-chained-commands/patterns.json", "error": "file does not exist"}
2020-11-19T16:48:33.654+0100	ERROR	Error when creating rule for	{"progname": "Contrast Service", "ruleID": "cmd-injection-semantic-chained-commands", "err": "no such rule type: cmd-injection-semantic-chained-commands"}
2020-11-19T16:48:33.655+0100	ERROR	Rules: getJsonContent file open err	{"progname": "Contrast Service", "filePath": "/cmd-injection-semantic-dangerous-paths/keywords.json", "error": "file does not exist"}
2020-11-19T16:48:33.656+0100	ERROR	Rules: getJsonContent file open err	{"progname": "Contrast Service", "filePath": "/cmd-injection-semantic-dangerous-paths/patterns.json", "error": "file does not exist"}
2020-11-19T16:48:33.656+0100	ERROR	Error when creating rule for	{"progname": "Contrast Service", "ruleID": "cmd-injection-semantic-dangerous-paths", "err": "no such rule type: cmd-injection-semantic-dangerous-paths"}
2020-11-19T16:50:07.102+0100	ERROR	Rules: getJsonContent file open err	{"progname": "Contrast Service", "filePath": "/xxe/keywords.json", "error": "file does not exist"}
2020-11-19T16:50:07.103+0100	ERROR	Rules: getJsonContent file open err	{"progname": "Contrast Service", "filePath": "/xxe/patterns.json", "error": "file does not exist"}
2020-11-19T16:50:07.103+0100	ERROR	Error when creating rule for	{"progname": "Contrast Service", "ruleID": "xxe", "err": "no such rule type: xxe"}
2020-11-19T16:50:07.113+0100	ERROR	Rules: getJsonContent file open err	{"progname": "Contrast Service", "filePath": "/method-tampering/keywords.json", "error": "file does not exist"}
2020-11-19T16:50:07.114+0100	ERROR	Rules: getJsonContent file open err	{"progname": "Contrast Service", "filePath": "/method-tampering/patterns.json", "error": "file does not exist"}
2020-11-19T16:50:07.118+0100	ERROR	Rules: getJsonContent file open err	{"progname": "Contrast Service", "filePath": "/cmd-injection-command-backdoors/keywords.json", "error": "file does not exist"}
2020-11-19T16:50:07.119+0100	ERROR	Rules: getJsonContent file open err	{"progname": "Contrast Service", "filePath": "/cmd-injection-command-backdoors/patterns.json", "error": "file does not exist"}
2020-11-19T16:50:07.119+0100	ERROR	Error when creating rule for	{"progname": "Contrast Service", "ruleID": "cmd-injection-command-backdoors", "err": "no such rule type: cmd-injection-command-backdoors"}
2020-11-19T16:50:07.120+0100	ERROR	Rules: getJsonContent file open err	{"progname": "Contrast Service", "filePath": "/cmd-injection-semantic-chained-commands/keywords.json", "error": "file does not exist"}
2020-11-19T16:50:07.121+0100	ERROR	Rules: getJsonContent file open err	{"progname": "Contrast Service", "filePath": "/cmd-injection-semantic-chained-commands/patterns.json", "error": "file does not exist"}
2020-11-19T16:50:07.121+0100	ERROR	Error when creating rule for	{"progname": "Contrast Service", "ruleID": "cmd-injection-semantic-chained-commands", "err": "no such rule type: cmd-injection-semantic-chained-commands"}
2020-11-19T16:50:07.129+0100	ERROR	Rules: getJsonContent file open err	{"progname": "Contrast Service", "filePath": "/cmd-injection-semantic-dangerous-paths/keywords.json", "error": "file does not exist"}
2020-11-19T16:50:07.132+0100	ERROR	Rules: getJsonContent file open err	{"progname": "Contrast Service", "filePath": "/cmd-injection-semantic-dangerous-paths/patterns.json", "error": "file does not exist"}
2020-11-19T16:50:07.132+0100	ERROR	Error when creating rule for	{"progname": "Contrast Service", "ruleID": "cmd-injection-semantic-dangerous-paths", "err": "no such rule type: cmd-injection-semantic-dangerous-paths"}
2020-11-19T16:53:03.274+0100	ERROR	Rules: getJsonContent file open err	{"progname": "Contrast Service", "filePath": "/xxe/keywords.json", "error": "file does not exist"}
2020-11-19T16:53:03.275+0100	ERROR	Rules: getJsonContent file open err	{"progname": "Contrast Service", "filePath": "/xxe/patterns.json", "error": "file does not exist"}
2020-11-19T16:53:03.275+0100	ERROR	Error when creating rule for	{"progname": "Contrast Service", "ruleID": "xxe", "err": "no such rule type: xxe"}
2020-11-19T16:53:03.284+0100	ERROR	Rules: getJsonContent file open err	{"progname": "Contrast Service", "filePath": "/method-tampering/keywords.json", "error": "file does not exist"}
2020-11-19T16:53:03.285+0100	ERROR	Rules: getJsonContent file open err	{"progname": "Contrast Service", "filePath": "/method-tampering/patterns.json", "error": "file does not exist"}
2020-11-19T16:53:03.287+0100	ERROR	Rules: getJsonContent file open err	{"progname": "Contrast Service", "filePath": "/cmd-injection-command-backdoors/keywords.json", "error": "file does not exist"}
2020-11-19T16:53:03.287+0100	ERROR	Rules: getJsonContent file open err	{"progname": "Contrast Service", "filePath": "/cmd-injection-command-backdoors/patterns.json", "error": "file does not exist"}
2020-11-19T16:53:03.287+0100	ERROR	Error when creating rule for	{"progname": "Contrast Service", "ruleID": "cmd-injection-command-backdoors", "err": "no such rule type: cmd-injection-command-backdoors"}
2020-11-19T16:53:03.288+0100	ERROR	Rules: getJsonContent file open err	{"progname": "Contrast Service", "filePath": "/cmd-injection-semantic-chained-commands/keywords.json", "error": "file does not exist"}
2020-11-19T16:53:03.289+0100	ERROR	Rules: getJsonContent file open err	{"progname": "Contrast Service", "filePath": "/cmd-injection-semantic-chained-commands/patterns.json", "error": "file does not exist"}
2020-11-19T16:53:03.289+0100	ERROR	Error when creating rule for	{"progname": "Contrast Service", "ruleID": "cmd-injection-semantic-chained-commands", "err": "no such rule type: cmd-injection-semantic-chained-commands"}
2020-11-19T16:53:03.289+0100	ERROR	Rules: getJsonContent file open err	{"progname": "Contrast Service", "filePath": "/cmd-injection-semantic-dangerous-paths/keywords.json", "error": "file does not exist"}
2020-11-19T16:53:03.290+0100	ERROR	Rules: getJsonContent file open err	{"progname": "Contrast Service", "filePath": "/cmd-injection-semantic-dangerous-paths/patterns.json", "error": "file does not exist"}
2020-11-19T16:53:03.290+0100	ERROR	Error when creating rule for	{"progname": "Contrast Service", "ruleID": "cmd-injection-semantic-dangerous-paths", "err": "no such rule type: cmd-injection-semantic-dangerous-paths"}
2020-11-19T16:59:01.927+0100	ERROR	Rules: getJsonContent file open err	{"progname": "Contrast Service", "filePath": "/xxe/keywords.json", "error": "file does not exist"}
2020-11-19T16:59:01.928+0100	ERROR	Rules: getJsonContent file open err	{"progname": "Contrast Service", "filePath": "/xxe/patterns.json", "error": "file does not exist"}
2020-11-19T16:59:01.928+0100	ERROR	Error when creating rule for	{"progname": "Contrast Service", "ruleID": "xxe", "err": "no such rule type: xxe"}
2020-11-19T16:59:01.937+0100	ERROR	Rules: getJsonContent file open err	{"progname": "Contrast Service", "filePath": "/method-tampering/keywords.json", "error": "file does not exist"}
2020-11-19T16:59:01.938+0100	ERROR	Rules: getJsonContent file open err	{"progname": "Contrast Service", "filePath": "/method-tampering/patterns.json", "error": "file does not exist"}
2020-11-19T16:59:01.940+0100	ERROR	Rules: getJsonContent file open err	{"progname": "Contrast Service", "filePath": "/cmd-injection-command-backdoors/keywords.json", "error": "file does not exist"}
2020-11-19T16:59:01.940+0100	ERROR	Rules: getJsonContent file open err	{"progname": "Contrast Service", "filePath": "/cmd-injection-command-backdoors/patterns.json", "error": "file does not exist"}
2020-11-19T16:59:01.940+0100	ERROR	Error when creating rule for	{"progname": "Contrast Service", "ruleID": "cmd-injection-command-backdoors", "err": "no such rule type: cmd-injection-command-backdoors"}
2020-11-19T16:59:01.941+0100	ERROR	Rules: getJsonContent file open err	{"progname": "Contrast Service", "filePath": "/cmd-injection-semantic-chained-commands/keywords.json", "error": "file does not exist"}
2020-11-19T16:59:01.942+0100	ERROR	Rules: getJsonContent file open err	{"progname": "Contrast Service", "filePath": "/cmd-injection-semantic-chained-commands/patterns.json", "error": "file does not exist"}
2020-11-19T16:59:01.942+0100	ERROR	Error when creating rule for	{"progname": "Contrast Service", "ruleID": "cmd-injection-semantic-chained-commands", "err": "no such rule type: cmd-injection-semantic-chained-commands"}
2020-11-19T16:59:01.942+0100	ERROR	Rules: getJsonContent file open err	{"progname": "Contrast Service", "filePath": "/cmd-injection-semantic-dangerous-paths/keywords.json", "error": "file does not exist"}
2020-11-19T16:59:01.943+0100	ERROR	Rules: getJsonContent file open err	{"progname": "Contrast Service", "filePath": "/cmd-injection-semantic-dangerous-paths/patterns.json", "error": "file does not exist"}
2020-11-19T16:59:01.943+0100	ERROR	Error when creating rule for	{"progname": "Contrast Service", "ruleID": "cmd-injection-semantic-dangerous-paths", "err": "no such rule type: cmd-injection-semantic-dangerous-paths"}
2020-11-19T17:10:39.401+0100	ERROR	Rules: getJsonContent file open err	{"progname": "Contrast Service", "filePath": "/xxe/keywords.json", "error": "file does not exist"}
2020-11-19T17:10:39.402+0100	ERROR	Rules: getJsonContent file open err	{"progname": "Contrast Service", "filePath": "/xxe/patterns.json", "error": "file does not exist"}
2020-11-19T17:10:39.402+0100	ERROR	Error when creating rule for	{"progname": "Contrast Service", "ruleID": "xxe", "err": "no such rule type: xxe"}
2020-11-19T17:10:39.410+0100	ERROR	Rules: getJsonContent file open err	{"progname": "Contrast Service", "filePath": "/method-tampering/keywords.json", "error": "file does not exist"}
2020-11-19T17:10:39.410+0100	ERROR	Rules: getJsonContent file open err	{"progname": "Contrast Service", "filePath": "/method-tampering/patterns.json", "error": "file does not exist"}
2020-11-19T17:10:39.412+0100	ERROR	Rules: getJsonContent file open err	{"progname": "Contrast Service", "filePath": "/cmd-injection-command-backdoors/keywords.json", "error": "file does not exist"}
2020-11-19T17:10:39.413+0100	ERROR	Rules: getJsonContent file open err	{"progname": "Contrast Service", "filePath": "/cmd-injection-command-backdoors/patterns.json", "error": "file does not exist"}
2020-11-19T17:10:39.413+0100	ERROR	Error when creating rule for	{"progname": "Contrast Service", "ruleID": "cmd-injection-command-backdoors", "err": "no such rule type: cmd-injection-command-backdoors"}
2020-11-19T17:10:39.414+0100	ERROR	Rules: getJsonContent file open err	{"progname": "Contrast Service", "filePath": "/cmd-injection-semantic-chained-commands/keywords.json", "error": "file does not exist"}
2020-11-19T17:10:39.414+0100	ERROR	Rules: getJsonContent file open err	{"progname": "Contrast Service", "filePath": "/cmd-injection-semantic-chained-commands/patterns.json", "error": "file does not exist"}
2020-11-19T17:10:39.414+0100	ERROR	Error when creating rule for	{"progname": "Contrast Service", "ruleID": "cmd-injection-semantic-chained-commands", "err": "no such rule type: cmd-injection-semantic-chained-commands"}
2020-11-19T17:10:39.415+0100	ERROR	Rules: getJsonContent file open err	{"progname": "Contrast Service", "filePath": "/cmd-injection-semantic-dangerous-paths/keywords.json", "error": "file does not exist"}
2020-11-19T17:10:39.416+0100	ERROR	Rules: getJsonContent file open err	{"progname": "Contrast Service", "filePath": "/cmd-injection-semantic-dangerous-paths/patterns.json", "error": "file does not exist"}
2020-11-19T17:10:39.416+0100	ERROR	Error when creating rule for	{"progname": "Contrast Service", "ruleID": "cmd-injection-semantic-dangerous-paths", "err": "no such rule type: cmd-injection-semantic-dangerous-paths"}
2020-11-19T17:15:38.403+0100	ERROR	Rules: getJsonContent file open err	{"progname": "Contrast Service", "filePath": "/xxe/keywords.json", "error": "file does not exist"}
2020-11-19T17:15:38.404+0100	ERROR	Rules: getJsonContent file open err	{"progname": "Contrast Service", "filePath": "/xxe/patterns.json", "error": "file does not exist"}
2020-11-19T17:15:38.404+0100	ERROR	Error when creating rule for	{"progname": "Contrast Service", "ruleID": "xxe", "err": "no such rule type: xxe"}
2020-11-19T17:15:38.413+0100	ERROR	Rules: getJsonContent file open err	{"progname": "Contrast Service", "filePath": "/method-tampering/keywords.json", "error": "file does not exist"}
2020-11-19T17:15:38.413+0100	ERROR	Rules: getJsonContent file open err	{"progname": "Contrast Service", "filePath": "/method-tampering/patterns.json", "error": "file does not exist"}
2020-11-19T17:15:38.415+0100	ERROR	Rules: getJsonContent file open err	{"progname": "Contrast Service", "filePath": "/cmd-injection-command-backdoors/keywords.json", "error": "file does not exist"}
2020-11-19T17:15:38.416+0100	ERROR	Rules: getJsonContent file open err	{"progname": "Contrast Service", "filePath": "/cmd-injection-command-backdoors/patterns.json", "error": "file does not exist"}
2020-11-19T17:15:38.416+0100	ERROR	Error when creating rule for	{"progname": "Contrast Service", "ruleID": "cmd-injection-command-backdoors", "err": "no such rule type: cmd-injection-command-backdoors"}
2020-11-19T17:15:38.417+0100	ERROR	Rules: getJsonContent file open err	{"progname": "Contrast Service", "filePath": "/cmd-injection-semantic-chained-commands/keywords.json", "error": "file does not exist"}
2020-11-19T17:15:38.417+0100	ERROR	Rules: getJsonContent file open err	{"progname": "Contrast Service", "filePath": "/cmd-injection-semantic-chained-commands/patterns.json", "error": "file does not exist"}
2020-11-19T17:15:38.417+0100	ERROR	Error when creating rule for	{"progname": "Contrast Service", "ruleID": "cmd-injection-semantic-chained-commands", "err": "no such rule type: cmd-injection-semantic-chained-commands"}
2020-11-19T17:15:38.418+0100	ERROR	Rules: getJsonContent file open err	{"progname": "Contrast Service", "filePath": "/cmd-injection-semantic-dangerous-paths/keywords.json", "error": "file does not exist"}
2020-11-19T17:15:38.418+0100	ERROR	Rules: getJsonContent file open err	{"progname": "Contrast Service", "filePath": "/cmd-injection-semantic-dangerous-paths/patterns.json", "error": "file does not exist"}
2020-11-19T17:15:38.418+0100	ERROR	Error when creating rule for	{"progname": "Contrast Service", "ruleID": "cmd-injection-semantic-dangerous-paths", "err": "no such rule type: cmd-injection-semantic-dangerous-paths"}
2020-11-19T17:18:01.767+0100	ERROR	Rules: getJsonContent file open err	{"progname": "Contrast Service", "filePath": "/xxe/keywords.json", "error": "file does not exist"}
2020-11-19T17:18:01.768+0100	ERROR	Rules: getJsonContent file open err	{"progname": "Contrast Service", "filePath": "/xxe/patterns.json", "error": "file does not exist"}
2020-11-19T17:18:01.768+0100	ERROR	Error when creating rule for	{"progname": "Contrast Service", "ruleID": "xxe", "err": "no such rule type: xxe"}
2020-11-19T17:18:01.779+0100	ERROR	Rules: getJsonContent file open err	{"progname": "Contrast Service", "filePath": "/method-tampering/keywords.json", "error": "file does not exist"}
2020-11-19T17:18:01.780+0100	ERROR	Rules: getJsonContent file open err	{"progname": "Contrast Service", "filePath": "/method-tampering/patterns.json", "error": "file does not exist"}
2020-11-19T17:18:01.781+0100	ERROR	Rules: getJsonContent file open err	{"progname": "Contrast Service", "filePath": "/cmd-injection-command-backdoors/keywords.json", "error": "file does not exist"}
2020-11-19T17:18:01.782+0100	ERROR	Rules: getJsonContent file open err	{"progname": "Contrast Service", "filePath": "/cmd-injection-command-backdoors/patterns.json", "error": "file does not exist"}
2020-11-19T17:18:01.782+0100	ERROR	Error when creating rule for	{"progname": "Contrast Service", "ruleID": "cmd-injection-command-backdoors", "err": "no such rule type: cmd-injection-command-backdoors"}
2020-11-19T17:18:01.783+0100	ERROR	Rules: getJsonContent file open err	{"progname": "Contrast Service", "filePath": "/cmd-injection-semantic-chained-commands/keywords.json", "error": "file does not exist"}
2020-11-19T17:18:01.783+0100	ERROR	Rules: getJsonContent file open err	{"progname": "Contrast Service", "filePath": "/cmd-injection-semantic-chained-commands/patterns.json", "error": "file does not exist"}
2020-11-19T17:18:01.783+0100	ERROR	Error when creating rule for	{"progname": "Contrast Service", "ruleID": "cmd-injection-semantic-chained-commands", "err": "no such rule type: cmd-injection-semantic-chained-commands"}
2020-11-19T17:18:01.784+0100	ERROR	Rules: getJsonContent file open err	{"progname": "Contrast Service", "filePath": "/cmd-injection-semantic-dangerous-paths/keywords.json", "error": "file does not exist"}
2020-11-19T17:18:01.784+0100	ERROR	Rules: getJsonContent file open err	{"progname": "Contrast Service", "filePath": "/cmd-injection-semantic-dangerous-paths/patterns.json", "error": "file does not exist"}
2020-11-19T17:18:01.784+0100	ERROR	Error when creating rule for	{"progname": "Contrast Service", "ruleID": "cmd-injection-semantic-dangerous-paths", "err": "no such rule type: cmd-injection-semantic-dangerous-paths"}
2020-11-19T18:16:01.787+0100	ERROR	Error retrieving response	{"progname": "Contrast Service", "err": "Put \"https://eval.contrastsecurity.com/Contrast/api/ng/activity/application\": context deadline exceeded (Client.Timeout exceeded while awaiting headers)"}
2020-11-19T18:16:01.787+0100	ERROR	Could not send application activity	{"progname": "Contrast Service", "err": "Put \"https://eval.contrastsecurity.com/Contrast/api/ng/activity/application\": context deadline exceeded (Client.Timeout exceeded while awaiting headers)"}
2020-11-19T18:16:01.787+0100	ERROR	got error from tsclient	{"progname": "Contrast Service", "err": "Put \"https://eval.contrastsecurity.com/Contrast/api/ng/activity/application\": context deadline exceeded (Client.Timeout exceeded while awaiting headers)"}
2020-11-22T17:31:56.056+0100	ERROR	Rules: getJsonContent file open err	{"progname": "Contrast Service", "filePath": "/xxe/keywords.json", "error": "file does not exist"}
2020-11-22T17:31:56.058+0100	ERROR	Rules: getJsonContent file open err	{"progname": "Contrast Service", "filePath": "/xxe/patterns.json", "error": "file does not exist"}
2020-11-22T17:31:56.058+0100	ERROR	Error when creating rule for	{"progname": "Contrast Service", "ruleID": "xxe", "err": "no such rule type: xxe"}
2020-11-22T17:31:56.067+0100	ERROR	Rules: getJsonContent file open err	{"progname": "Contrast Service", "filePath": "/method-tampering/keywords.json", "error": "file does not exist"}
2020-11-22T17:31:56.068+0100	ERROR	Rules: getJsonContent file open err	{"progname": "Contrast Service", "filePath": "/method-tampering/patterns.json", "error": "file does not exist"}
2020-11-22T17:31:56.071+0100	ERROR	Rules: getJsonContent file open err	{"progname": "Contrast Service", "filePath": "/cmd-injection-command-backdoors/keywords.json", "error": "file does not exist"}
2020-11-22T17:31:56.072+0100	ERROR	Rules: getJsonContent file open err	{"progname": "Contrast Service", "filePath": "/cmd-injection-command-backdoors/patterns.json", "error": "file does not exist"}
2020-11-22T17:31:56.072+0100	ERROR	Error when creating rule for	{"progname": "Contrast Service", "ruleID": "cmd-injection-command-backdoors", "err": "no such rule type: cmd-injection-command-backdoors"}
2020-11-22T17:31:56.072+0100	ERROR	Rules: getJsonContent file open err	{"progname": "Contrast Service", "filePath": "/cmd-injection-semantic-chained-commands/keywords.json", "error": "file does not exist"}
2020-11-22T17:31:56.073+0100	ERROR	Rules: getJsonContent file open err	{"progname": "Contrast Service", "filePath": "/cmd-injection-semantic-chained-commands/patterns.json", "error": "file does not exist"}
2020-11-22T17:31:56.073+0100	ERROR	Error when creating rule for	{"progname": "Contrast Service", "ruleID": "cmd-injection-semantic-chained-commands", "err": "no such rule type: cmd-injection-semantic-chained-commands"}
2020-11-22T17:31:56.074+0100	ERROR	Rules: getJsonContent file open err	{"progname": "Contrast Service", "filePath": "/cmd-injection-semantic-dangerous-paths/keywords.json", "error": "file does not exist"}
2020-11-22T17:31:56.074+0100	ERROR	Rules: getJsonContent file open err	{"progname": "Contrast Service", "filePath": "/cmd-injection-semantic-dangerous-paths/patterns.json", "error": "file does not exist"}
2020-11-22T17:31:56.074+0100	ERROR	Error when creating rule for	{"progname": "Contrast Service", "ruleID": "cmd-injection-semantic-dangerous-paths", "err": "no such rule type: cmd-injection-semantic-dangerous-paths"}
2020-11-22T17:35:16.534+0100	ERROR	Rules: getJsonContent file open err	{"progname": "Contrast Service", "filePath": "/xxe/keywords.json", "error": "file does not exist"}
2020-11-22T17:35:16.535+0100	ERROR	Rules: getJsonContent file open err	{"progname": "Contrast Service", "filePath": "/xxe/patterns.json", "error": "file does not exist"}
2020-11-22T17:35:16.535+0100	ERROR	Error when creating rule for	{"progname": "Contrast Service", "ruleID": "xxe", "err": "no such rule type: xxe"}
2020-11-22T17:35:16.542+0100	ERROR	Rules: getJsonContent file open err	{"progname": "Contrast Service", "filePath": "/method-tampering/keywords.json", "error": "file does not exist"}
2020-11-22T17:35:16.543+0100	ERROR	Rules: getJsonContent file open err	{"progname": "Contrast Service", "filePath": "/method-tampering/patterns.json", "error": "file does not exist"}
2020-11-22T17:35:16.546+0100	ERROR	Rules: getJsonContent file open err	{"progname": "Contrast Service", "filePath": "/cmd-injection-command-backdoors/keywords.json", "error": "file does not exist"}
2020-11-22T17:35:16.547+0100	ERROR	Rules: getJsonContent file open err	{"progname": "Contrast Service", "filePath": "/cmd-injection-command-backdoors/patterns.json", "error": "file does not exist"}
2020-11-22T17:35:16.547+0100	ERROR	Error when creating rule for	{"progname": "Contrast Service", "ruleID": "cmd-injection-command-backdoors", "err": "no such rule type: cmd-injection-command-backdoors"}
2020-11-22T17:35:16.547+0100	ERROR	Rules: getJsonContent file open err	{"progname": "Contrast Service", "filePath": "/cmd-injection-semantic-chained-commands/keywords.json", "error": "file does not exist"}
2020-11-22T17:35:16.548+0100	ERROR	Rules: getJsonContent file open err	{"progname": "Contrast Service", "filePath": "/cmd-injection-semantic-chained-commands/patterns.json", "error": "file does not exist"}
2020-11-22T17:35:16.548+0100	ERROR	Error when creating rule for	{"progname": "Contrast Service", "ruleID": "cmd-injection-semantic-chained-commands", "err": "no such rule type: cmd-injection-semantic-chained-commands"}
2020-11-22T17:35:16.549+0100	ERROR	Rules: getJsonContent file open err	{"progname": "Contrast Service", "filePath": "/cmd-injection-semantic-dangerous-paths/keywords.json", "error": "file does not exist"}
2020-11-22T17:35:16.549+0100	ERROR	Rules: getJsonContent file open err	{"progname": "Contrast Service", "filePath": "/cmd-injection-semantic-dangerous-paths/patterns.json", "error": "file does not exist"}
2020-11-22T17:35:16.549+0100	ERROR	Error when creating rule for	{"progname": "Contrast Service", "ruleID": "cmd-injection-semantic-dangerous-paths", "err": "no such rule type: cmd-injection-semantic-dangerous-paths"}
2020-11-22T17:48:25.473+0100	ERROR	Rules: getJsonContent file open err	{"progname": "Contrast Service", "filePath": "/xxe/keywords.json", "error": "file does not exist"}
2020-11-22T17:48:25.474+0100	ERROR	Rules: getJsonContent file open err	{"progname": "Contrast Service", "filePath": "/xxe/patterns.json", "error": "file does not exist"}
2020-11-22T17:48:25.474+0100	ERROR	Error when creating rule for	{"progname": "Contrast Service", "ruleID": "xxe", "err": "no such rule type: xxe"}
2020-11-22T17:48:25.484+0100	ERROR	Rules: getJsonContent file open err	{"progname": "Contrast Service", "filePath": "/method-tampering/keywords.json", "error": "file does not exist"}
2020-11-22T17:48:25.484+0100	ERROR	Rules: getJsonContent file open err	{"progname": "Contrast Service", "filePath": "/method-tampering/patterns.json", "error": "file does not exist"}
2020-11-22T17:48:25.486+0100	ERROR	Rules: getJsonContent file open err	{"progname": "Contrast Service", "filePath": "/cmd-injection-command-backdoors/keywords.json", "error": "file does not exist"}
2020-11-22T17:48:25.487+0100	ERROR	Rules: getJsonContent file open err	{"progname": "Contrast Service", "filePath": "/cmd-injection-command-backdoors/patterns.json", "error": "file does not exist"}
2020-11-22T17:48:25.487+0100	ERROR	Error when creating rule for	{"progname": "Contrast Service", "ruleID": "cmd-injection-command-backdoors", "err": "no such rule type: cmd-injection-command-backdoors"}
2020-11-22T17:48:25.487+0100	ERROR	Rules: getJsonContent file open err	{"progname": "Contrast Service", "filePath": "/cmd-injection-semantic-chained-commands/keywords.json", "error": "file does not exist"}
2020-11-22T17:48:25.488+0100	ERROR	Rules: getJsonContent file open err	{"progname": "Contrast Service", "filePath": "/cmd-injection-semantic-chained-commands/patterns.json", "error": "file does not exist"}
2020-11-22T17:48:25.488+0100	ERROR	Error when creating rule for	{"progname": "Contrast Service", "ruleID": "cmd-injection-semantic-chained-commands", "err": "no such rule type: cmd-injection-semantic-chained-commands"}
2020-11-22T17:48:25.489+0100	ERROR	Rules: getJsonContent file open err	{"progname": "Contrast Service", "filePath": "/cmd-injection-semantic-dangerous-paths/keywords.json", "error": "file does not exist"}
2020-11-22T17:48:25.489+0100	ERROR	Rules: getJsonContent file open err	{"progname": "Contrast Service", "filePath": "/cmd-injection-semantic-dangerous-paths/patterns.json", "error": "file does not exist"}
2020-11-22T17:48:25.489+0100	ERROR	Error when creating rule for	{"progname": "Contrast Service", "ruleID": "cmd-injection-semantic-dangerous-paths", "err": "no such rule type: cmd-injection-semantic-dangerous-paths"}
2020-11-22T22:42:30.690+0100	ERROR	Rules: getJsonContent file open err	{"progname": "Contrast Service", "filePath": "/xxe/keywords.json", "error": "file does not exist"}
2020-11-22T22:42:30.691+0100	ERROR	Rules: getJsonContent file open err	{"progname": "Contrast Service", "filePath": "/xxe/patterns.json", "error": "file does not exist"}
2020-11-22T22:42:30.691+0100	ERROR	Error when creating rule for	{"progname": "Contrast Service", "ruleID": "xxe", "err": "no such rule type: xxe"}
2020-11-22T22:42:30.697+0100	ERROR	Rules: getJsonContent file open err	{"progname": "Contrast Service", "filePath": "/method-tampering/keywords.json", "error": "file does not exist"}
2020-11-22T22:42:30.698+0100	ERROR	Rules: getJsonContent file open err	{"progname": "Contrast Service", "filePath": "/method-tampering/patterns.json", "error": "file does not exist"}
2020-11-22T22:42:30.702+0100	ERROR	Rules: getJsonContent file open err	{"progname": "Contrast Service", "filePath": "/cmd-injection-command-backdoors/keywords.json", "error": "file does not exist"}
2020-11-22T22:42:30.703+0100	ERROR	Rules: getJsonContent file open err	{"progname": "Contrast Service", "filePath": "/cmd-injection-command-backdoors/patterns.json", "error": "file does not exist"}
2020-11-22T22:42:30.703+0100	ERROR	Error when creating rule for	{"progname": "Contrast Service", "ruleID": "cmd-injection-command-backdoors", "err": "no such rule type: cmd-injection-command-backdoors"}
2020-11-22T22:42:30.704+0100	ERROR	Rules: getJsonContent file open err	{"progname": "Contrast Service", "filePath": "/cmd-injection-semantic-chained-commands/keywords.json", "error": "file does not exist"}
2020-11-22T22:42:30.704+0100	ERROR	Rules: getJsonContent file open err	{"progname": "Contrast Service", "filePath": "/cmd-injection-semantic-chained-commands/patterns.json", "error": "file does not exist"}
2020-11-22T22:42:30.704+0100	ERROR	Error when creating rule for	{"progname": "Contrast Service", "ruleID": "cmd-injection-semantic-chained-commands", "err": "no such rule type: cmd-injection-semantic-chained-commands"}
2020-11-22T22:42:30.705+0100	ERROR	Rules: getJsonContent file open err	{"progname": "Contrast Service", "filePath": "/cmd-injection-semantic-dangerous-paths/keywords.json", "error": "file does not exist"}
2020-11-22T22:42:30.705+0100	ERROR	Rules: getJsonContent file open err	{"progname": "Contrast Service", "filePath": "/cmd-injection-semantic-dangerous-paths/patterns.json", "error": "file does not exist"}
2020-11-22T22:42:30.705+0100	ERROR	Error when creating rule for	{"progname": "Contrast Service", "ruleID": "cmd-injection-semantic-dangerous-paths", "err": "no such rule type: cmd-injection-semantic-dangerous-paths"}
2020-11-22T22:46:54.256+0100	ERROR	Rules: getJsonContent file open err	{"progname": "Contrast Service", "filePath": "/xxe/keywords.json", "error": "file does not exist"}
2020-11-22T22:46:54.257+0100	ERROR	Rules: getJsonContent file open err	{"progname": "Contrast Service", "filePath": "/xxe/patterns.json", "error": "file does not exist"}
2020-11-22T22:46:54.257+0100	ERROR	Error when creating rule for	{"progname": "Contrast Service", "ruleID": "xxe", "err": "no such rule type: xxe"}
2020-11-22T22:46:54.267+0100	ERROR	Rules: getJsonContent file open err	{"progname": "Contrast Service", "filePath": "/method-tampering/keywords.json", "error": "file does not exist"}
2020-11-22T22:46:54.268+0100	ERROR	Rules: getJsonContent file open err	{"progname": "Contrast Service", "filePath": "/method-tampering/patterns.json", "error": "file does not exist"}
2020-11-22T22:46:54.270+0100	ERROR	Rules: getJsonContent file open err	{"progname": "Contrast Service", "filePath": "/cmd-injection-command-backdoors/keywords.json", "error": "file does not exist"}
2020-11-22T22:46:54.271+0100	ERROR	Rules: getJsonContent file open err	{"progname": "Contrast Service", "filePath": "/cmd-injection-command-backdoors/patterns.json", "error": "file does not exist"}
2020-11-22T22:46:54.271+0100	ERROR	Error when creating rule for	{"progname": "Contrast Service", "ruleID": "cmd-injection-command-backdoors", "err": "no such rule type: cmd-injection-command-backdoors"}
2020-11-22T22:46:54.271+0100	ERROR	Rules: getJsonContent file open err	{"progname": "Contrast Service", "filePath": "/cmd-injection-semantic-chained-commands/keywords.json", "error": "file does not exist"}
2020-11-22T22:46:54.272+0100	ERROR	Rules: getJsonContent file open err	{"progname": "Contrast Service", "filePath": "/cmd-injection-semantic-chained-commands/patterns.json", "error": "file does not exist"}
2020-11-22T22:46:54.272+0100	ERROR	Error when creating rule for	{"progname": "Contrast Service", "ruleID": "cmd-injection-semantic-chained-commands", "err": "no such rule type: cmd-injection-semantic-chained-commands"}
2020-11-22T22:46:54.272+0100	ERROR	Rules: getJsonContent file open err	{"progname": "Contrast Service", "filePath": "/cmd-injection-semantic-dangerous-paths/keywords.json", "error": "file does not exist"}
2020-11-22T22:46:54.273+0100	ERROR	Rules: getJsonContent file open err	{"progname": "Contrast Service", "filePath": "/cmd-injection-semantic-dangerous-paths/patterns.json", "error": "file does not exist"}
2020-11-22T22:46:54.273+0100	ERROR	Error when creating rule for	{"progname": "Contrast Service", "ruleID": "cmd-injection-semantic-dangerous-paths", "err": "no such rule type: cmd-injection-semantic-dangerous-paths"}
2020-11-23T21:49:26.019+0100	ERROR	Rules: getJsonContent file open err	{"progname": "Contrast Service", "filePath": "/xxe/keywords.json", "error": "file does not exist"}
2020-11-23T21:49:26.020+0100	ERROR	Rules: getJsonContent file open err	{"progname": "Contrast Service", "filePath": "/xxe/patterns.json", "error": "file does not exist"}
2020-11-23T21:49:26.020+0100	ERROR	Error when creating rule for	{"progname": "Contrast Service", "ruleID": "xxe", "err": "no such rule type: xxe"}
2020-11-23T21:49:26.027+0100	ERROR	Rules: getJsonContent file open err	{"progname": "Contrast Service", "filePath": "/method-tampering/keywords.json", "error": "file does not exist"}
2020-11-23T21:49:26.028+0100	ERROR	Rules: getJsonContent file open err	{"progname": "Contrast Service", "filePath": "/method-tampering/patterns.json", "error": "file does not exist"}
2020-11-23T21:49:26.031+0100	ERROR	Rules: getJsonContent file open err	{"progname": "Contrast Service", "filePath": "/cmd-injection-command-backdoors/keywords.json", "error": "file does not exist"}
2020-11-23T21:49:26.032+0100	ERROR	Rules: getJsonContent file open err	{"progname": "Contrast Service", "filePath": "/cmd-injection-command-backdoors/patterns.json", "error": "file does not exist"}
2020-11-23T21:49:26.032+0100	ERROR	Error when creating rule for	{"progname": "Contrast Service", "ruleID": "cmd-injection-command-backdoors", "err": "no such rule type: cmd-injection-command-backdoors"}
2020-11-23T21:49:26.032+0100	ERROR	Rules: getJsonContent file open err	{"progname": "Contrast Service", "filePath": "/cmd-injection-semantic-chained-commands/keywords.json", "error": "file does not exist"}
2020-11-23T21:49:26.033+0100	ERROR	Rules: getJsonContent file open err	{"progname": "Contrast Service", "filePath": "/cmd-injection-semantic-chained-commands/patterns.json", "error": "file does not exist"}
2020-11-23T21:49:26.033+0100	ERROR	Error when creating rule for	{"progname": "Contrast Service", "ruleID": "cmd-injection-semantic-chained-commands", "err": "no such rule type: cmd-injection-semantic-chained-commands"}
2020-11-23T21:49:26.034+0100	ERROR	Rules: getJsonContent file open err	{"progname": "Contrast Service", "filePath": "/cmd-injection-semantic-dangerous-paths/keywords.json", "error": "file does not exist"}
2020-11-23T21:49:26.034+0100	ERROR	Rules: getJsonContent file open err	{"progname": "Contrast Service", "filePath": "/cmd-injection-semantic-dangerous-paths/patterns.json", "error": "file does not exist"}
2020-11-23T21:49:26.034+0100	ERROR	Error when creating rule for	{"progname": "Contrast Service", "ruleID": "cmd-injection-semantic-dangerous-paths", "err": "no such rule type: cmd-injection-semantic-dangerous-paths"}
2020-11-23T22:27:47.912+0100	ERROR	Rules: getJsonContent file open err	{"progname": "Contrast Service", "filePath": "/xxe/keywords.json", "error": "file does not exist"}
2020-11-23T22:27:47.913+0100	ERROR	Rules: getJsonContent file open err	{"progname": "Contrast Service", "filePath": "/xxe/patterns.json", "error": "file does not exist"}
2020-11-23T22:27:47.913+0100	ERROR	Error when creating rule for	{"progname": "Contrast Service", "ruleID": "xxe", "err": "no such rule type: xxe"}
2020-11-23T22:27:47.921+0100	ERROR	Rules: getJsonContent file open err	{"progname": "Contrast Service", "filePath": "/method-tampering/keywords.json", "error": "file does not exist"}
2020-11-23T22:27:47.921+0100	ERROR	Rules: getJsonContent file open err	{"progname": "Contrast Service", "filePath": "/method-tampering/patterns.json", "error": "file does not exist"}
2020-11-23T22:27:47.926+0100	ERROR	Rules: getJsonContent file open err	{"progname": "Contrast Service", "filePath": "/cmd-injection-command-backdoors/keywords.json", "error": "file does not exist"}
2020-11-23T22:27:47.926+0100	ERROR	Rules: getJsonContent file open err	{"progname": "Contrast Service", "filePath": "/cmd-injection-command-backdoors/patterns.json", "error": "file does not exist"}
2020-11-23T22:27:47.926+0100	ERROR	Error when creating rule for	{"progname": "Contrast Service", "ruleID": "cmd-injection-command-backdoors", "err": "no such rule type: cmd-injection-command-backdoors"}
2020-11-23T22:27:47.927+0100	ERROR	Rules: getJsonContent file open err	{"progname": "Contrast Service", "filePath": "/cmd-injection-semantic-chained-commands/keywords.json", "error": "file does not exist"}
2020-11-23T22:27:47.927+0100	ERROR	Rules: getJsonContent file open err	{"progname": "Contrast Service", "filePath": "/cmd-injection-semantic-chained-commands/patterns.json", "error": "file does not exist"}
2020-11-23T22:27:47.927+0100	ERROR	Error when creating rule for	{"progname": "Contrast Service", "ruleID": "cmd-injection-semantic-chained-commands", "err": "no such rule type: cmd-injection-semantic-chained-commands"}
2020-11-23T22:27:47.928+0100	ERROR	Rules: getJsonContent file open err	{"progname": "Contrast Service", "filePath": "/cmd-injection-semantic-dangerous-paths/keywords.json", "error": "file does not exist"}
2020-11-23T22:27:47.929+0100	ERROR	Rules: getJsonContent file open err	{"progname": "Contrast Service", "filePath": "/cmd-injection-semantic-dangerous-paths/patterns.json", "error": "file does not exist"}
2020-11-23T22:27:47.929+0100	ERROR	Error when creating rule for	{"progname": "Contrast Service", "ruleID": "cmd-injection-semantic-dangerous-paths", "err": "no such rule type: cmd-injection-semantic-dangerous-paths"}
2020-11-23T22:39:26.211+0100	ERROR	Rules: getJsonContent file open err	{"progname": "Contrast Service", "filePath": "/xxe/keywords.json", "error": "file does not exist"}
2020-11-23T22:39:26.212+0100	ERROR	Rules: getJsonContent file open err	{"progname": "Contrast Service", "filePath": "/xxe/patterns.json", "error": "file does not exist"}
2020-11-23T22:39:26.212+0100	ERROR	Error when creating rule for	{"progname": "Contrast Service", "ruleID": "xxe", "err": "no such rule type: xxe"}
2020-11-23T22:39:26.221+0100	ERROR	Rules: getJsonContent file open err	{"progname": "Contrast Service", "filePath": "/method-tampering/keywords.json", "error": "file does not exist"}
2020-11-23T22:39:26.222+0100	ERROR	Rules: getJsonContent file open err	{"progname": "Contrast Service", "filePath": "/method-tampering/patterns.json", "error": "file does not exist"}
2020-11-23T22:39:26.224+0100	ERROR	Rules: getJsonContent file open err	{"progname": "Contrast Service", "filePath": "/cmd-injection-command-backdoors/keywords.json", "error": "file does not exist"}
2020-11-23T22:39:26.224+0100	ERROR	Rules: getJsonContent file open err	{"progname": "Contrast Service", "filePath": "/cmd-injection-command-backdoors/patterns.json", "error": "file does not exist"}
2020-11-23T22:39:26.224+0100	ERROR	Error when creating rule for	{"progname": "Contrast Service", "ruleID": "cmd-injection-command-backdoors", "err": "no such rule type: cmd-injection-command-backdoors"}
2020-11-23T22:39:26.225+0100	ERROR	Rules: getJsonContent file open err	{"progname": "Contrast Service", "filePath": "/cmd-injection-semantic-chained-commands/keywords.json", "error": "file does not exist"}
2020-11-23T22:39:26.226+0100	ERROR	Rules: getJsonContent file open err	{"progname": "Contrast Service", "filePath": "/cmd-injection-semantic-chained-commands/patterns.json", "error": "file does not exist"}
2020-11-23T22:39:26.226+0100	ERROR	Error when creating rule for	{"progname": "Contrast Service", "ruleID": "cmd-injection-semantic-chained-commands", "err": "no such rule type: cmd-injection-semantic-chained-commands"}
2020-11-23T22:39:26.226+0100	ERROR	Rules: getJsonContent file open err	{"progname": "Contrast Service", "filePath": "/cmd-injection-semantic-dangerous-paths/keywords.json", "error": "file does not exist"}
2020-11-23T22:39:26.227+0100	ERROR	Rules: getJsonContent file open err	{"progname": "Contrast Service", "filePath": "/cmd-injection-semantic-dangerous-paths/patterns.json", "error": "file does not exist"}
2020-11-23T22:39:26.227+0100	ERROR	Error when creating rule for	{"progname": "Contrast Service", "ruleID": "cmd-injection-semantic-dangerous-paths", "err": "no such rule type: cmd-injection-semantic-dangerous-paths"}
2020-11-23T22:40:36.507+0100	ERROR	Rules: getJsonContent file open err	{"progname": "Contrast Service", "filePath": "/xxe/keywords.json", "error": "file does not exist"}
2020-11-23T22:40:36.507+0100	ERROR	Rules: getJsonContent file open err	{"progname": "Contrast Service", "filePath": "/xxe/patterns.json", "error": "file does not exist"}
2020-11-23T22:40:36.507+0100	ERROR	Error when creating rule for	{"progname": "Contrast Service", "ruleID": "xxe", "err": "no such rule type: xxe"}
2020-11-23T22:40:36.514+0100	ERROR	Rules: getJsonContent file open err	{"progname": "Contrast Service", "filePath": "/method-tampering/keywords.json", "error": "file does not exist"}
2020-11-23T22:40:36.515+0100	ERROR	Rules: getJsonContent file open err	{"progname": "Contrast Service", "filePath": "/method-tampering/patterns.json", "error": "file does not exist"}
2020-11-23T22:40:36.519+0100	ERROR	Rules: getJsonContent file open err	{"progname": "Contrast Service", "filePath": "/cmd-injection-command-backdoors/keywords.json", "error": "file does not exist"}
2020-11-23T22:40:36.520+0100	ERROR	Rules: getJsonContent file open err	{"progname": "Contrast Service", "filePath": "/cmd-injection-command-backdoors/patterns.json", "error": "file does not exist"}
2020-11-23T22:40:36.520+0100	ERROR	Error when creating rule for	{"progname": "Contrast Service", "ruleID": "cmd-injection-command-backdoors", "err": "no such rule type: cmd-injection-command-backdoors"}
2020-11-23T22:40:36.520+0100	ERROR	Rules: getJsonContent file open err	{"progname": "Contrast Service", "filePath": "/cmd-injection-semantic-chained-commands/keywords.json", "error": "file does not exist"}
2020-11-23T22:40:36.521+0100	ERROR	Rules: getJsonContent file open err	{"progname": "Contrast Service", "filePath": "/cmd-injection-semantic-chained-commands/patterns.json", "error": "file does not exist"}
2020-11-23T22:40:36.521+0100	ERROR	Error when creating rule for	{"progname": "Contrast Service", "ruleID": "cmd-injection-semantic-chained-commands", "err": "no such rule type: cmd-injection-semantic-chained-commands"}
2020-11-23T22:40:36.522+0100	ERROR	Rules: getJsonContent file open err	{"progname": "Contrast Service", "filePath": "/cmd-injection-semantic-dangerous-paths/keywords.json", "error": "file does not exist"}
2020-11-23T22:40:36.522+0100	ERROR	Rules: getJsonContent file open err	{"progname": "Contrast Service", "filePath": "/cmd-injection-semantic-dangerous-paths/patterns.json", "error": "file does not exist"}
2020-11-23T22:40:36.522+0100	ERROR	Error when creating rule for	{"progname": "Contrast Service", "ruleID": "cmd-injection-semantic-dangerous-paths", "err": "no such rule type: cmd-injection-semantic-dangerous-paths"}
2020-11-23T22:41:30.813+0100	ERROR	Rules: getJsonContent file open err	{"progname": "Contrast Service", "filePath": "/xxe/keywords.json", "error": "file does not exist"}
2020-11-23T22:41:30.814+0100	ERROR	Rules: getJsonContent file open err	{"progname": "Contrast Service", "filePath": "/xxe/patterns.json", "error": "file does not exist"}
2020-11-23T22:41:30.814+0100	ERROR	Error when creating rule for	{"progname": "Contrast Service", "ruleID": "xxe", "err": "no such rule type: xxe"}
2020-11-23T22:41:30.821+0100	ERROR	Rules: getJsonContent file open err	{"progname": "Contrast Service", "filePath": "/method-tampering/keywords.json", "error": "file does not exist"}
2020-11-23T22:41:30.822+0100	ERROR	Rules: getJsonContent file open err	{"progname": "Contrast Service", "filePath": "/method-tampering/patterns.json", "error": "file does not exist"}
2020-11-23T22:41:30.826+0100	ERROR	Rules: getJsonContent file open err	{"progname": "Contrast Service", "filePath": "/cmd-injection-command-backdoors/keywords.json", "error": "file does not exist"}
2020-11-23T22:41:30.826+0100	ERROR	Rules: getJsonContent file open err	{"progname": "Contrast Service", "filePath": "/cmd-injection-command-backdoors/patterns.json", "error": "file does not exist"}
2020-11-23T22:41:30.827+0100	ERROR	Error when creating rule for	{"progname": "Contrast Service", "ruleID": "cmd-injection-command-backdoors", "err": "no such rule type: cmd-injection-command-backdoors"}
2020-11-23T22:41:30.827+0100	ERROR	Rules: getJsonContent file open err	{"progname": "Contrast Service", "filePath": "/cmd-injection-semantic-chained-commands/keywords.json", "error": "file does not exist"}
2020-11-23T22:41:30.828+0100	ERROR	Rules: getJsonContent file open err	{"progname": "Contrast Service", "filePath": "/cmd-injection-semantic-chained-commands/patterns.json", "error": "file does not exist"}
2020-11-23T22:41:30.828+0100	ERROR	Error when creating rule for	{"progname": "Contrast Service", "ruleID": "cmd-injection-semantic-chained-commands", "err": "no such rule type: cmd-injection-semantic-chained-commands"}
2020-11-23T22:41:30.828+0100	ERROR	Rules: getJsonContent file open err	{"progname": "Contrast Service", "filePath": "/cmd-injection-semantic-dangerous-paths/keywords.json", "error": "file does not exist"}
2020-11-23T22:41:30.829+0100	ERROR	Rules: getJsonContent file open err	{"progname": "Contrast Service", "filePath": "/cmd-injection-semantic-dangerous-paths/patterns.json", "error": "file does not exist"}
2020-11-23T22:41:30.829+0100	ERROR	Error when creating rule for	{"progname": "Contrast Service", "ruleID": "cmd-injection-semantic-dangerous-paths", "err": "no such rule type: cmd-injection-semantic-dangerous-paths"}
2020-11-23T22:42:38.575+0100	ERROR	Rules: getJsonContent file open err	{"progname": "Contrast Service", "filePath": "/xxe/keywords.json", "error": "file does not exist"}
2020-11-23T22:42:38.576+0100	ERROR	Rules: getJsonContent file open err	{"progname": "Contrast Service", "filePath": "/xxe/patterns.json", "error": "file does not exist"}
2020-11-23T22:42:38.576+0100	ERROR	Error when creating rule for	{"progname": "Contrast Service", "ruleID": "xxe", "err": "no such rule type: xxe"}
2020-11-23T22:42:38.584+0100	ERROR	Rules: getJsonContent file open err	{"progname": "Contrast Service", "filePath": "/method-tampering/keywords.json", "error": "file does not exist"}
2020-11-23T22:42:38.586+0100	ERROR	Rules: getJsonContent file open err	{"progname": "Contrast Service", "filePath": "/method-tampering/patterns.json", "error": "file does not exist"}
2020-11-23T22:42:38.588+0100	ERROR	Rules: getJsonContent file open err	{"progname": "Contrast Service", "filePath": "/cmd-injection-command-backdoors/keywords.json", "error": "file does not exist"}
2020-11-23T22:42:38.589+0100	ERROR	Rules: getJsonContent file open err	{"progname": "Contrast Service", "filePath": "/cmd-injection-command-backdoors/patterns.json", "error": "file does not exist"}
2020-11-23T22:42:38.589+0100	ERROR	Error when creating rule for	{"progname": "Contrast Service", "ruleID": "cmd-injection-command-backdoors", "err": "no such rule type: cmd-injection-command-backdoors"}
2020-11-23T22:42:38.590+0100	ERROR	Rules: getJsonContent file open err	{"progname": "Contrast Service", "filePath": "/cmd-injection-semantic-chained-commands/keywords.json", "error": "file does not exist"}
2020-11-23T22:42:38.590+0100	ERROR	Rules: getJsonContent file open err	{"progname": "Contrast Service", "filePath": "/cmd-injection-semantic-chained-commands/patterns.json", "error": "file does not exist"}
2020-11-23T22:42:38.590+0100	ERROR	Error when creating rule for	{"progname": "Contrast Service", "ruleID": "cmd-injection-semantic-chained-commands", "err": "no such rule type: cmd-injection-semantic-chained-commands"}
2020-11-23T22:42:38.591+0100	ERROR	Rules: getJsonContent file open err	{"progname": "Contrast Service", "filePath": "/cmd-injection-semantic-dangerous-paths/keywords.json", "error": "file does not exist"}
2020-11-23T22:42:38.591+0100	ERROR	Rules: getJsonContent file open err	{"progname": "Contrast Service", "filePath": "/cmd-injection-semantic-dangerous-paths/patterns.json", "error": "file does not exist"}
2020-11-23T22:42:38.591+0100	ERROR	Error when creating rule for	{"progname": "Contrast Service", "ruleID": "cmd-injection-semantic-dangerous-paths", "err": "no such rule type: cmd-injection-semantic-dangerous-paths"}
2020-11-23T22:43:46.698+0100	ERROR	Rules: getJsonContent file open err	{"progname": "Contrast Service", "filePath": "/xxe/keywords.json", "error": "file does not exist"}
2020-11-23T22:43:46.698+0100	ERROR	Rules: getJsonContent file open err	{"progname": "Contrast Service", "filePath": "/xxe/patterns.json", "error": "file does not exist"}
2020-11-23T22:43:46.698+0100	ERROR	Error when creating rule for	{"progname": "Contrast Service", "ruleID": "xxe", "err": "no such rule type: xxe"}
2020-11-23T22:43:46.705+0100	ERROR	Rules: getJsonContent file open err	{"progname": "Contrast Service", "filePath": "/method-tampering/keywords.json", "error": "file does not exist"}
2020-11-23T22:43:46.706+0100	ERROR	Rules: getJsonContent file open err	{"progname": "Contrast Service", "filePath": "/method-tampering/patterns.json", "error": "file does not exist"}
2020-11-23T22:43:46.710+0100	ERROR	Rules: getJsonContent file open err	{"progname": "Contrast Service", "filePath": "/cmd-injection-command-backdoors/keywords.json", "error": "file does not exist"}
2020-11-23T22:43:46.710+0100	ERROR	Rules: getJsonContent file open err	{"progname": "Contrast Service", "filePath": "/cmd-injection-command-backdoors/patterns.json", "error": "file does not exist"}
2020-11-23T22:43:46.710+0100	ERROR	Error when creating rule for	{"progname": "Contrast Service", "ruleID": "cmd-injection-command-backdoors", "err": "no such rule type: cmd-injection-command-backdoors"}
2020-11-23T22:43:46.711+0100	ERROR	Rules: getJsonContent file open err	{"progname": "Contrast Service", "filePath": "/cmd-injection-semantic-chained-commands/keywords.json", "error": "file does not exist"}
2020-11-23T22:43:46.711+0100	ERROR	Rules: getJsonContent file open err	{"progname": "Contrast Service", "filePath": "/cmd-injection-semantic-chained-commands/patterns.json", "error": "file does not exist"}
2020-11-23T22:43:46.711+0100	ERROR	Error when creating rule for	{"progname": "Contrast Service", "ruleID": "cmd-injection-semantic-chained-commands", "err": "no such rule type: cmd-injection-semantic-chained-commands"}
2020-11-23T22:43:46.712+0100	ERROR	Rules: getJsonContent file open err	{"progname": "Contrast Service", "filePath": "/cmd-injection-semantic-dangerous-paths/keywords.json", "error": "file does not exist"}
2020-11-23T22:43:46.713+0100	ERROR	Rules: getJsonContent file open err	{"progname": "Contrast Service", "filePath": "/cmd-injection-semantic-dangerous-paths/patterns.json", "error": "file does not exist"}
2020-11-23T22:43:46.713+0100	ERROR	Error when creating rule for	{"progname": "Contrast Service", "ruleID": "cmd-injection-semantic-dangerous-paths", "err": "no such rule type: cmd-injection-semantic-dangerous-paths"}
2020-11-23T22:47:22.166+0100	ERROR	Rules: getJsonContent file open err	{"progname": "Contrast Service", "filePath": "/xxe/keywords.json", "error": "file does not exist"}
2020-11-23T22:47:22.167+0100	ERROR	Rules: getJsonContent file open err	{"progname": "Contrast Service", "filePath": "/xxe/patterns.json", "error": "file does not exist"}
2020-11-23T22:47:22.167+0100	ERROR	Error when creating rule for	{"progname": "Contrast Service", "ruleID": "xxe", "err": "no such rule type: xxe"}
2020-11-23T22:47:22.173+0100	ERROR	Rules: getJsonContent file open err	{"progname": "Contrast Service", "filePath": "/method-tampering/keywords.json", "error": "file does not exist"}
2020-11-23T22:47:22.174+0100	ERROR	Rules: getJsonContent file open err	{"progname": "Contrast Service", "filePath": "/method-tampering/patterns.json", "error": "file does not exist"}
2020-11-23T22:47:22.176+0100	ERROR	Rules: getJsonContent file open err	{"progname": "Contrast Service", "filePath": "/cmd-injection-command-backdoors/keywords.json", "error": "file does not exist"}
2020-11-23T22:47:22.176+0100	ERROR	Rules: getJsonContent file open err	{"progname": "Contrast Service", "filePath": "/cmd-injection-command-backdoors/patterns.json", "error": "file does not exist"}
2020-11-23T22:47:22.176+0100	ERROR	Error when creating rule for	{"progname": "Contrast Service", "ruleID": "cmd-injection-command-backdoors", "err": "no such rule type: cmd-injection-command-backdoors"}
2020-11-23T22:47:22.178+0100	ERROR	Rules: getJsonContent file open err	{"progname": "Contrast Service", "filePath": "/cmd-injection-semantic-chained-commands/keywords.json", "error": "file does not exist"}
2020-11-23T22:47:22.179+0100	ERROR	Rules: getJsonContent file open err	{"progname": "Contrast Service", "filePath": "/cmd-injection-semantic-chained-commands/patterns.json", "error": "file does not exist"}
2020-11-23T22:47:22.179+0100	ERROR	Error when creating rule for	{"progname": "Contrast Service", "ruleID": "cmd-injection-semantic-chained-commands", "err": "no such rule type: cmd-injection-semantic-chained-commands"}
2020-11-23T22:47:22.180+0100	ERROR	Rules: getJsonContent file open err	{"progname": "Contrast Service", "filePath": "/cmd-injection-semantic-dangerous-paths/keywords.json", "error": "file does not exist"}
2020-11-23T22:47:22.181+0100	ERROR	Rules: getJsonContent file open err	{"progname": "Contrast Service", "filePath": "/cmd-injection-semantic-dangerous-paths/patterns.json", "error": "file does not exist"}
2020-11-23T22:47:22.181+0100	ERROR	Error when creating rule for	{"progname": "Contrast Service", "ruleID": "cmd-injection-semantic-dangerous-paths", "err": "no such rule type: cmd-injection-semantic-dangerous-paths"}
2020-11-23T22:49:15.133+0100	ERROR	Rules: getJsonContent file open err	{"progname": "Contrast Service", "filePath": "/xxe/keywords.json", "error": "file does not exist"}
2020-11-23T22:49:15.134+0100	ERROR	Rules: getJsonContent file open err	{"progname": "Contrast Service", "filePath": "/xxe/patterns.json", "error": "file does not exist"}
2020-11-23T22:49:15.134+0100	ERROR	Error when creating rule for	{"progname": "Contrast Service", "ruleID": "xxe", "err": "no such rule type: xxe"}
2020-11-23T22:49:15.142+0100	ERROR	Rules: getJsonContent file open err	{"progname": "Contrast Service", "filePath": "/method-tampering/keywords.json", "error": "file does not exist"}
2020-11-23T22:49:15.142+0100	ERROR	Rules: getJsonContent file open err	{"progname": "Contrast Service", "filePath": "/method-tampering/patterns.json", "error": "file does not exist"}
2020-11-23T22:49:15.147+0100	ERROR	Rules: getJsonContent file open err	{"progname": "Contrast Service", "filePath": "/cmd-injection-command-backdoors/keywords.json", "error": "file does not exist"}
2020-11-23T22:49:15.147+0100	ERROR	Rules: getJsonContent file open err	{"progname": "Contrast Service", "filePath": "/cmd-injection-command-backdoors/patterns.json", "error": "file does not exist"}
2020-11-23T22:49:15.147+0100	ERROR	Error when creating rule for	{"progname": "Contrast Service", "ruleID": "cmd-injection-command-backdoors", "err": "no such rule type: cmd-injection-command-backdoors"}
2020-11-23T22:49:15.148+0100	ERROR	Rules: getJsonContent file open err	{"progname": "Contrast Service", "filePath": "/cmd-injection-semantic-chained-commands/keywords.json", "error": "file does not exist"}
2020-11-23T22:49:15.149+0100	ERROR	Rules: getJsonContent file open err	{"progname": "Contrast Service", "filePath": "/cmd-injection-semantic-chained-commands/patterns.json", "error": "file does not exist"}
2020-11-23T22:49:15.149+0100	ERROR	Error when creating rule for	{"progname": "Contrast Service", "ruleID": "cmd-injection-semantic-chained-commands", "err": "no such rule type: cmd-injection-semantic-chained-commands"}
2020-11-23T22:49:15.149+0100	ERROR	Rules: getJsonContent file open err	{"progname": "Contrast Service", "filePath": "/cmd-injection-semantic-dangerous-paths/keywords.json", "error": "file does not exist"}
2020-11-23T22:49:15.150+0100	ERROR	Rules: getJsonContent file open err	{"progname": "Contrast Service", "filePath": "/cmd-injection-semantic-dangerous-paths/patterns.json", "error": "file does not exist"}
2020-11-23T22:49:15.150+0100	ERROR	Error when creating rule for	{"progname": "Contrast Service", "ruleID": "cmd-injection-semantic-dangerous-paths", "err": "no such rule type: cmd-injection-semantic-dangerous-paths"}
2020-11-23T22:50:05.303+0100	ERROR	Rules: getJsonContent file open err	{"progname": "Contrast Service", "filePath": "/xxe/keywords.json", "error": "file does not exist"}
2020-11-23T22:50:05.305+0100	ERROR	Rules: getJsonContent file open err	{"progname": "Contrast Service", "filePath": "/xxe/patterns.json", "error": "file does not exist"}
2020-11-23T22:50:05.305+0100	ERROR	Error when creating rule for	{"progname": "Contrast Service", "ruleID": "xxe", "err": "no such rule type: xxe"}
2020-11-23T22:50:05.314+0100	ERROR	Rules: getJsonContent file open err	{"progname": "Contrast Service", "filePath": "/method-tampering/keywords.json", "error": "file does not exist"}
2020-11-23T22:50:05.315+0100	ERROR	Rules: getJsonContent file open err	{"progname": "Contrast Service", "filePath": "/method-tampering/patterns.json", "error": "file does not exist"}
2020-11-23T22:50:05.316+0100	ERROR	Rules: getJsonContent file open err	{"progname": "Contrast Service", "filePath": "/cmd-injection-command-backdoors/keywords.json", "error": "file does not exist"}
2020-11-23T22:50:05.317+0100	ERROR	Rules: getJsonContent file open err	{"progname": "Contrast Service", "filePath": "/cmd-injection-command-backdoors/patterns.json", "error": "file does not exist"}
2020-11-23T22:50:05.317+0100	ERROR	Error when creating rule for	{"progname": "Contrast Service", "ruleID": "cmd-injection-command-backdoors", "err": "no such rule type: cmd-injection-command-backdoors"}
2020-11-23T22:50:05.318+0100	ERROR	Rules: getJsonContent file open err	{"progname": "Contrast Service", "filePath": "/cmd-injection-semantic-chained-commands/keywords.json", "error": "file does not exist"}
2020-11-23T22:50:05.318+0100	ERROR	Rules: getJsonContent file open err	{"progname": "Contrast Service", "filePath": "/cmd-injection-semantic-chained-commands/patterns.json", "error": "file does not exist"}
2020-11-23T22:50:05.318+0100	ERROR	Error when creating rule for	{"progname": "Contrast Service", "ruleID": "cmd-injection-semantic-chained-commands", "err": "no such rule type: cmd-injection-semantic-chained-commands"}
2020-11-23T22:50:05.319+0100	ERROR	Rules: getJsonContent file open err	{"progname": "Contrast Service", "filePath": "/cmd-injection-semantic-dangerous-paths/keywords.json", "error": "file does not exist"}
2020-11-23T22:50:05.319+0100	ERROR	Rules: getJsonContent file open err	{"progname": "Contrast Service", "filePath": "/cmd-injection-semantic-dangerous-paths/patterns.json", "error": "file does not exist"}
2020-11-23T22:50:05.319+0100	ERROR	Error when creating rule for	{"progname": "Contrast Service", "ruleID": "cmd-injection-semantic-dangerous-paths", "err": "no such rule type: cmd-injection-semantic-dangerous-paths"}
2020-11-23T22:53:42.745+0100	ERROR	Rules: getJsonContent file open err	{"progname": "Contrast Service", "filePath": "/xxe/keywords.json", "error": "file does not exist"}
2020-11-23T22:53:42.746+0100	ERROR	Rules: getJsonContent file open err	{"progname": "Contrast Service", "filePath": "/xxe/patterns.json", "error": "file does not exist"}
2020-11-23T22:53:42.746+0100	ERROR	Error when creating rule for	{"progname": "Contrast Service", "ruleID": "xxe", "err": "no such rule type: xxe"}
2020-11-23T22:53:42.753+0100	ERROR	Rules: getJsonContent file open err	{"progname": "Contrast Service", "filePath": "/method-tampering/keywords.json", "error": "file does not exist"}
2020-11-23T22:53:42.754+0100	ERROR	Rules: getJsonContent file open err	{"progname": "Contrast Service", "filePath": "/method-tampering/patterns.json", "error": "file does not exist"}
2020-11-23T22:53:42.759+0100	ERROR	Rules: getJsonContent file open err	{"progname": "Contrast Service", "filePath": "/cmd-injection-command-backdoors/keywords.json", "error": "file does not exist"}
2020-11-23T22:53:42.759+0100	ERROR	Rules: getJsonContent file open err	{"progname": "Contrast Service", "filePath": "/cmd-injection-command-backdoors/patterns.json", "error": "file does not exist"}
2020-11-23T22:53:42.759+0100	ERROR	Error when creating rule for	{"progname": "Contrast Service", "ruleID": "cmd-injection-command-backdoors", "err": "no such rule type: cmd-injection-command-backdoors"}
2020-11-23T22:53:42.760+0100	ERROR	Rules: getJsonContent file open err	{"progname": "Contrast Service", "filePath": "/cmd-injection-semantic-chained-commands/keywords.json", "error": "file does not exist"}
2020-11-23T22:53:42.760+0100	ERROR	Rules: getJsonContent file open err	{"progname": "Contrast Service", "filePath": "/cmd-injection-semantic-chained-commands/patterns.json", "error": "file does not exist"}
2020-11-23T22:53:42.760+0100	ERROR	Error when creating rule for	{"progname": "Contrast Service", "ruleID": "cmd-injection-semantic-chained-commands", "err": "no such rule type: cmd-injection-semantic-chained-commands"}
2020-11-23T22:53:42.761+0100	ERROR	Rules: getJsonContent file open err	{"progname": "Contrast Service", "filePath": "/cmd-injection-semantic-dangerous-paths/keywords.json", "error": "file does not exist"}
2020-11-23T22:53:42.761+0100	ERROR	Rules: getJsonContent file open err	{"progname": "Contrast Service", "filePath": "/cmd-injection-semantic-dangerous-paths/patterns.json", "error": "file does not exist"}
2020-11-23T22:53:42.761+0100	ERROR	Error when creating rule for	{"progname": "Contrast Service", "ruleID": "cmd-injection-semantic-dangerous-paths", "err": "no such rule type: cmd-injection-semantic-dangerous-paths"}
